<?xml version="1.0" encoding="UTF-8" ?>
<testsuite failures="0" time="0.327" errors="0" skipped="0" tests="13" name="com.rea.robot.simulation.test.RobotSimulationTest">
  <properties>
    <property name="java.runtime.name" value="Java(TM) SE Runtime Environment"/>
    <property name="sun.boot.library.path" value="C:\Softwares\jdk1.7.0_40\jre\bin"/>
    <property name="java.vm.version" value="24.0-b56"/>
    <property name="java.vm.vendor" value="Oracle Corporation"/>
    <property name="java.vendor.url" value="http://java.oracle.com/"/>
    <property name="path.separator" value=";"/>
    <property name="guice.disable.misplaced.annotation.check" value="true"/>
    <property name="java.vm.name" value="Java HotSpot(TM) Client VM"/>
    <property name="file.encoding.pkg" value="sun.io"/>
    <property name="user.script" value=""/>
    <property name="user.country" value="AU"/>
    <property name="sun.java.launcher" value="SUN_STANDARD"/>
    <property name="sun.os.patch.level" value="Service Pack 1"/>
    <property name="java.vm.specification.name" value="Java Virtual Machine Specification"/>
    <property name="user.dir" value="C:\workspaces\ToyRobotSimulation"/>
    <property name="java.runtime.version" value="1.7.0_40-b43"/>
    <property name="java.awt.graphicsenv" value="sun.awt.Win32GraphicsEnvironment"/>
    <property name="java.endorsed.dirs" value="C:\Softwares\jdk1.7.0_40\jre\lib\endorsed"/>
    <property name="os.arch" value="x86"/>
    <property name="java.io.tmpdir" value="C:\Users\502024~1\AppData\Local\Temp\"/>
    <property name="line.separator" value="
"/>
    <property name="java.vm.specification.vendor" value="Oracle Corporation"/>
    <property name="user.variant" value=""/>
    <property name="os.name" value="Windows 7"/>
    <property name="classworlds.conf" value="C:\Softwares\apache-maven-3.1.1\bin\m2.conf"/>
    <property name="sun.jnu.encoding" value="Cp1252"/>
    <property name="java.library.path" value="C:\Softwares\jdk1.7.0_40\bin;C:\Windows\Sun\Java\bin;C:\Windows\system32;C:\Windows;C:\Program Files\nodejs;C:\Windows\system32;C:\Windows;C:\Windows\System32\Wbem;C:\Windows\System32\WindowsPowerShell\v1.0\;C:\Program Files\Subversion\bin;C:\Program Files\nodejs\;C:\Users\502024530\.dnx\bin;C:\Program Files\Microsoft DNX\Dnvm\;C:\Program Files\Git\cmd;C:\Softwares\jdk1.7.0_40\bin;C:\Softwares\apache-tomcat-7.0.34\bin;C:\Softwares\apache-maven-3.1.1\bin;C:\Program Files\nodejs;C:\Windows\system32;C:\Windows;C:\Windows\System32\Wbem;C:\Windows\System32\WindowsPowerShell\v1.0\;C:\Program Files\Subversion\bin;C:\Program Files\nodejs\;C:\Users\502024530\.dnx\bin;C:\Program Files\Microsoft DNX\Dnvm\;C:\Program Files\Git\cmd;C:\apache-ant-1.9.3\bin;C:\Users\502024530\AppData\Roaming\npm;."/>
    <property name="java.specification.name" value="Java Platform API Specification"/>
    <property name="java.class.version" value="51.0"/>
    <property name="sun.management.compiler" value="HotSpot Client Compiler"/>
    <property name="os.version" value="6.1"/>
    <property name="user.home" value="C:\Users\502024530"/>
    <property name="user.timezone" value="Australia/Sydney"/>
    <property name="java.awt.printerjob" value="sun.awt.windows.WPrinterJob"/>
    <property name="java.specification.version" value="1.7"/>
    <property name="file.encoding" value="Cp1252"/>
    <property name="user.name" value="502024530"/>
    <property name="java.class.path" value="C:\Softwares\apache-maven-3.1.1\boot\plexus-classworlds-2.5.1.jar"/>
    <property name="org.slf4j.simpleLogger.defaultLogLevel" value="info"/>
    <property name="java.vm.specification.version" value="1.7"/>
    <property name="sun.arch.data.model" value="32"/>
    <property name="java.home" value="C:\Softwares\jdk1.7.0_40\jre"/>
    <property name="sun.java.command" value="org.codehaus.plexus.classworlds.launcher.Launcher clean install"/>
    <property name="java.specification.vendor" value="Oracle Corporation"/>
    <property name="user.language" value="en"/>
    <property name="awt.toolkit" value="sun.awt.windows.WToolkit"/>
    <property name="java.vm.info" value="mixed mode, sharing"/>
    <property name="java.version" value="1.7.0_40"/>
    <property name="java.ext.dirs" value="C:\Softwares\jdk1.7.0_40\jre\lib\ext;C:\Windows\Sun\Java\lib\ext"/>
    <property name="sun.boot.class.path" value="C:\Softwares\jdk1.7.0_40\jre\lib\resources.jar;C:\Softwares\jdk1.7.0_40\jre\lib\rt.jar;C:\Softwares\jdk1.7.0_40\jre\lib\sunrsasign.jar;C:\Softwares\jdk1.7.0_40\jre\lib\jsse.jar;C:\Softwares\jdk1.7.0_40\jre\lib\jce.jar;C:\Softwares\jdk1.7.0_40\jre\lib\charsets.jar;C:\Softwares\jdk1.7.0_40\jre\lib\jfr.jar;C:\Softwares\jdk1.7.0_40\jre\classes"/>
    <property name="java.vendor" value="Oracle Corporation"/>
    <property name="maven.home" value="C:\Softwares\apache-maven-3.1.1"/>
    <property name="file.separator" value="\"/>
    <property name="java.vendor.url.bug" value="http://bugreport.sun.com/bugreport/"/>
    <property name="sun.cpu.endian" value="little"/>
    <property name="sun.io.unicode.encoding" value="UnicodeLittle"/>
    <property name="sun.desktop" value="windows"/>
    <property name="sun.cpu.isalist" value="pentium_pro+mmx pentium_pro pentium+mmx pentium i486 i386 i86"/>
  </properties>
  <testcase time="0.124" classname="com.rea.robot.simulation.test.RobotSimulationTest" name="testInvalidStartCoordinate"/>
  <testcase time="0.063" classname="com.rea.robot.simulation.test.RobotSimulationTest" name="testMaxStartCoordinate"/>
  <testcase time="0.031" classname="com.rea.robot.simulation.test.RobotSimulationTest" name="testInvalidCommand"/>
  <testcase time="0" classname="com.rea.robot.simulation.test.RobotSimulationTest" name="testNullInputStream"/>
  <testcase time="0.031" classname="com.rea.robot.simulation.test.RobotSimulationTest" name="testValidScenario"/>
  <testcase time="0.031" classname="com.rea.robot.simulation.test.RobotSimulationTest" name="testInvalidStartDirection"/>
  <testcase time="0.016" classname="com.rea.robot.simulation.test.RobotSimulationTest" name="testMaximumEast"/>
  <testcase time="0" classname="com.rea.robot.simulation.test.RobotSimulationTest" name="testMaximumWest"/>
  <testcase time="0.016" classname="com.rea.robot.simulation.test.RobotSimulationTest" name="testInvalidStartLeftScenario"/>
  <testcase time="0" classname="com.rea.robot.simulation.test.RobotSimulationTest" name="testInvalidStart"/>
  <testcase time="0" classname="com.rea.robot.simulation.test.RobotSimulationTest" name="testMaximumNorth"/>
  <testcase time="0.015" classname="com.rea.robot.simulation.test.RobotSimulationTest" name="testMaximumSouth"/>
  <testcase time="0" classname="com.rea.robot.simulation.test.RobotSimulationTest" name="testInvalidPlaceCommand"/>
</testsuite>